[2025-02-05 23:59:47] [ERROR] [INFO] Error: SQLSTATE[HY093]: Invalid parameter number: number of bound variables does not match number of tokens
Código: 0
Archivo: /var/www/html/app/Modules/Presupuesto/Repositories/PresupuestosDetalleRepository.php
Línea: 106

URL: http://127.0.0.1:8080/orden/pdf/taller/1

Stack Trace:
#0 /var/www/html/app/Modules/Presupuesto/Repositories/PresupuestosDetalleRepository.php(106): PDOStatement->execute(Array)
#1 /var/www/html/app/Modules/OrdenDeTrabajo/Services/OrdenDeTrabajoService.php(219): App\Modules\Presupuesto\Repositories\PresupuestosDetalleRepository::findByPresupuestoId(1)
#2 /var/www/html/app/Modules/OrdenDeTrabajo/Controllers/OrdenDeTrabajoController.php(120): App\Modules\OrdenDeTrabajo\Services\OrdenDeTrabajoService->pdfOrdenTaller('1')
#3 [internal function]: App\Modules\OrdenDeTrabajo\Controllers\OrdenDeTrabajoController->pdfOrdenTaller('1')
#4 /var/www/html/config/bootstrap.php(130): ReflectionMethod->invokeArgs(Object(App\Modules\OrdenDeTrabajo\Controllers\OrdenDeTrabajoController), Array)
#5 /var/www/html/config/bootstrap.php(171): Router->dispatch('/orden/pdf/tall...', 'GET')
#6 /var/www/html/public/index.php(12): require('/var/www/html/c...')
#7 {main}

Input Data:


User ID: N/A
IP Address: 192.168.32.1
[2025-02-06 00:00:00] [ERROR] [INFO] Error: SQLSTATE[HY093]: Invalid parameter number: number of bound variables does not match number of tokens
Código: 0
Archivo: /var/www/html/app/Modules/Presupuesto/Repositories/PresupuestosDetalleRepository.php
Línea: 106

URL: http://127.0.0.1:8080/orden/pdf/taller/1

Stack Trace:
#0 /var/www/html/app/Modules/Presupuesto/Repositories/PresupuestosDetalleRepository.php(106): PDOStatement->execute(Array)
#1 /var/www/html/app/Modules/OrdenDeTrabajo/Services/OrdenDeTrabajoService.php(219): App\Modules\Presupuesto\Repositories\PresupuestosDetalleRepository::findByPresupuestoId(1)
#2 /var/www/html/app/Modules/OrdenDeTrabajo/Controllers/OrdenDeTrabajoController.php(120): App\Modules\OrdenDeTrabajo\Services\OrdenDeTrabajoService->pdfOrdenTaller('1')
#3 [internal function]: App\Modules\OrdenDeTrabajo\Controllers\OrdenDeTrabajoController->pdfOrdenTaller('1')
#4 /var/www/html/config/bootstrap.php(130): ReflectionMethod->invokeArgs(Object(App\Modules\OrdenDeTrabajo\Controllers\OrdenDeTrabajoController), Array)
#5 /var/www/html/config/bootstrap.php(171): Router->dispatch('/orden/pdf/tall...', 'GET')
#6 /var/www/html/public/index.php(12): require('/var/www/html/c...')
#7 {main}

Input Data:


User ID: N/A
IP Address: 192.168.32.1
[2025-02-06 00:17:12] [ERROR] [INFO] Error: SQLSTATE[42000]: Syntax error or access violation: 1064 You have an error in your SQL syntax; check the manual that corresponds to your MySQL server version for the right syntax to use near '10000 AS id_tipo_material
            FROM 
                presupuestos_extras
' at line 29
Código: 42000
Archivo: /var/www/html/app/Modules/Presupuesto/Repositories/PresupuestosDetalleRepository.php
Línea: 106

URL: http://127.0.0.1:8080/orden/pdf/taller/1

Stack Trace:
#0 /var/www/html/app/Modules/Presupuesto/Repositories/PresupuestosDetalleRepository.php(106): PDOStatement->execute(Array)
#1 /var/www/html/app/Modules/OrdenDeTrabajo/Services/OrdenDeTrabajoService.php(219): App\Modules\Presupuesto\Repositories\PresupuestosDetalleRepository::findByPresupuestoId(1)
#2 /var/www/html/app/Modules/OrdenDeTrabajo/Controllers/OrdenDeTrabajoController.php(120): App\Modules\OrdenDeTrabajo\Services\OrdenDeTrabajoService->pdfOrdenTaller('1')
#3 [internal function]: App\Modules\OrdenDeTrabajo\Controllers\OrdenDeTrabajoController->pdfOrdenTaller('1')
#4 /var/www/html/config/bootstrap.php(130): ReflectionMethod->invokeArgs(Object(App\Modules\OrdenDeTrabajo\Controllers\OrdenDeTrabajoController), Array)
#5 /var/www/html/config/bootstrap.php(171): Router->dispatch('/orden/pdf/tall...', 'GET')
#6 /var/www/html/public/index.php(12): require('/var/www/html/c...')
#7 {main}

Input Data:


User ID: N/A
IP Address: 192.168.32.1
[2025-02-06 00:17:58] [ERROR] [INFO] Error: SQLSTATE[HY093]: Invalid parameter number: number of bound variables does not match number of tokens
Código: 0
Archivo: /var/www/html/app/Modules/Presupuesto/Repositories/PresupuestosDetalleRepository.php
Línea: 106

URL: http://127.0.0.1:8080/orden/pdf/taller/1

Stack Trace:
#0 /var/www/html/app/Modules/Presupuesto/Repositories/PresupuestosDetalleRepository.php(106): PDOStatement->execute(Array)
#1 /var/www/html/app/Modules/OrdenDeTrabajo/Services/OrdenDeTrabajoService.php(219): App\Modules\Presupuesto\Repositories\PresupuestosDetalleRepository::findByPresupuestoId(1)
#2 /var/www/html/app/Modules/OrdenDeTrabajo/Controllers/OrdenDeTrabajoController.php(120): App\Modules\OrdenDeTrabajo\Services\OrdenDeTrabajoService->pdfOrdenTaller('1')
#3 [internal function]: App\Modules\OrdenDeTrabajo\Controllers\OrdenDeTrabajoController->pdfOrdenTaller('1')
#4 /var/www/html/config/bootstrap.php(130): ReflectionMethod->invokeArgs(Object(App\Modules\OrdenDeTrabajo\Controllers\OrdenDeTrabajoController), Array)
#5 /var/www/html/config/bootstrap.php(171): Router->dispatch('/orden/pdf/tall...', 'GET')
#6 /var/www/html/public/index.php(12): require('/var/www/html/c...')
#7 {main}

Input Data:


User ID: N/A
IP Address: 192.168.32.1
[2025-02-06 00:21:04] [ERROR] [INFO] Error: SQLSTATE[42S22]: Column not found: 1054 Unknown column 'presupuesto.cantidad' in 'field list'
Código: 42
Archivo: /var/www/html/app/Modules/Presupuesto/Repositories/PresupuestosRepository.php
Línea: 388

URL: http://127.0.0.1:8080/orden/pdf/taller/1

Stack Trace:
#0 /var/www/html/app/Modules/Presupuesto/Repositories/PresupuestosRepository.php(388): PDOStatement->execute(Array)
#1 /var/www/html/app/Modules/OrdenDeTrabajo/Services/OrdenDeTrabajoService.php(218): App\Modules\Presupuesto\Repositories\PresupuestosRepository::findByIdToPDF(1)
#2 /var/www/html/app/Modules/OrdenDeTrabajo/Controllers/OrdenDeTrabajoController.php(120): App\Modules\OrdenDeTrabajo\Services\OrdenDeTrabajoService->pdfOrdenTaller('1')
#3 [internal function]: App\Modules\OrdenDeTrabajo\Controllers\OrdenDeTrabajoController->pdfOrdenTaller('1')
#4 /var/www/html/config/bootstrap.php(130): ReflectionMethod->invokeArgs(Object(App\Modules\OrdenDeTrabajo\Controllers\OrdenDeTrabajoController), Array)
#5 /var/www/html/config/bootstrap.php(171): Router->dispatch('/orden/pdf/tall...', 'GET')
#6 /var/www/html/public/index.php(12): require('/var/www/html/c...')
#7 {main}

Input Data:


User ID: N/A
IP Address: 192.168.32.1
[2025-02-06 21:50:39] [ERROR] [INFO] Error: SQLSTATE[42S22]: Column not found: 1054 Unknown column 'recibos.id_orden_trabajo' in 'field list'
Código: 42
Archivo: /var/www/html/app/Modules/Recibo/Repositories/RecibosRepository.php
Línea: 81

URL: http://127.0.0.1:8080/recibos/pdf/1

Stack Trace:
#0 /var/www/html/app/Modules/Recibo/Repositories/RecibosRepository.php(81): PDOStatement->execute(Array)
#1 /var/www/html/app/Modules/Recibo/Services/RecibosService.php(77): App\Modules\Recibo\Repositories\RecibosRepository::findById(1)
#2 /var/www/html/app/Modules/Recibo/Controllers/ReciboController.php(82): App\Modules\Recibo\Services\RecibosService->pdfRecibo('1')
#3 [internal function]: App\Modules\Recibo\Controllers\ReciboController->pdfRecibo('1')
#4 /var/www/html/config/bootstrap.php(130): ReflectionMethod->invokeArgs(Object(App\Modules\Recibo\Controllers\ReciboController), Array)
#5 /var/www/html/config/bootstrap.php(171): Router->dispatch('/recibos/pdf/1', 'GET')
#6 /var/www/html/public/index.php(12): require('/var/www/html/c...')
#7 {main}

Input Data:


User ID: N/A
IP Address: 192.168.32.1
[2025-02-06 22:02:58] [ERROR] [INFO] Error: SQLSTATE[42S22]: Column not found: 1054 Unknown column 'recibos_detalle.idMonto' in 'field list'
Código: 42
Archivo: /var/www/html/app/Modules/Recibo/Repositories/RecibosDetalleRepository.php
Línea: 62

URL: http://127.0.0.1:8080/recibos/pdf/1

Stack Trace:
#0 /var/www/html/app/Modules/Recibo/Repositories/RecibosDetalleRepository.php(62): PDOStatement->execute(Array)
#1 /var/www/html/app/Modules/Recibo/Services/RecibosService.php(77): App\Modules\Recibo\Repositories\RecibosDetalleRepository::findByReciboId(1)
#2 /var/www/html/app/Modules/Recibo/Controllers/ReciboController.php(82): App\Modules\Recibo\Services\RecibosService->pdfRecibo('1')
#3 [internal function]: App\Modules\Recibo\Controllers\ReciboController->pdfRecibo('1')
#4 /var/www/html/config/bootstrap.php(130): ReflectionMethod->invokeArgs(Object(App\Modules\Recibo\Controllers\ReciboController), Array)
#5 /var/www/html/config/bootstrap.php(171): Router->dispatch('/recibos/pdf/1', 'GET')
#6 /var/www/html/public/index.php(12): require('/var/www/html/c...')
#7 {main}

Input Data:


User ID: N/A
IP Address: 192.168.32.1
[2025-02-07 14:27:14] [ERROR] [INFO] Error: SQLSTATE[42000]: Syntax error or access violation: 1064 You have an error in your SQL syntax; check the manual that corresponds to your MySQL server version for the right syntax to use near 'AS recibo_id
                    recibos.cliente_nombre,
                    rec' at line 2
Código: 42000
Archivo: /var/www/html/app/Modules/Recibo/Repositories/RecibosRepository.php
Línea: 87

URL: http://127.0.0.1:8080/recibos/pdf/1

Stack Trace:
#0 /var/www/html/app/Modules/Recibo/Repositories/RecibosRepository.php(87): PDOStatement->execute(Array)
#1 /var/www/html/app/Modules/Recibo/Services/RecibosService.php(76): App\Modules\Recibo\Repositories\RecibosRepository::findById(1)
#2 /var/www/html/app/Modules/Recibo/Controllers/ReciboController.php(82): App\Modules\Recibo\Services\RecibosService->pdfRecibo('1')
#3 [internal function]: App\Modules\Recibo\Controllers\ReciboController->pdfRecibo('1')
#4 /var/www/html/config/bootstrap.php(130): ReflectionMethod->invokeArgs(Object(App\Modules\Recibo\Controllers\ReciboController), Array)
#5 /var/www/html/config/bootstrap.php(171): Router->dispatch('/recibos/pdf/1', 'GET')
#6 /var/www/html/public/index.php(12): require('/var/www/html/c...')
#7 {main}

Input Data:


User ID: N/A
IP Address: 192.168.32.1
[2025-02-07 14:27:28] [ERROR] [INFO] Error: SQLSTATE[42000]: Syntax error or access violation: 1064 You have an error in your SQL syntax; check the manual that corresponds to your MySQL server version for the right syntax to use near 'AS recibo_id,
                    recibos.cliente_nombre,
                    re' at line 2
Código: 42000
Archivo: /var/www/html/app/Modules/Recibo/Repositories/RecibosRepository.php
Línea: 87

URL: http://127.0.0.1:8080/recibos/pdf/1

Stack Trace:
#0 /var/www/html/app/Modules/Recibo/Repositories/RecibosRepository.php(87): PDOStatement->execute(Array)
#1 /var/www/html/app/Modules/Recibo/Services/RecibosService.php(76): App\Modules\Recibo\Repositories\RecibosRepository::findById(1)
#2 /var/www/html/app/Modules/Recibo/Controllers/ReciboController.php(82): App\Modules\Recibo\Services\RecibosService->pdfRecibo('1')
#3 [internal function]: App\Modules\Recibo\Controllers\ReciboController->pdfRecibo('1')
#4 /var/www/html/config/bootstrap.php(130): ReflectionMethod->invokeArgs(Object(App\Modules\Recibo\Controllers\ReciboController), Array)
#5 /var/www/html/config/bootstrap.php(171): Router->dispatch('/recibos/pdf/1', 'GET')
#6 /var/www/html/public/index.php(12): require('/var/www/html/c...')
#7 {main}

Input Data:


User ID: N/A
IP Address: 192.168.32.1
[2025-02-07 14:55:36] [ERROR] [INFO] Error: SQLSTATE[HY000]: General error: 1364 Field 'apellido' doesn't have a default value
Código: 0
Archivo: /var/www/html/app/Modules/Empleado/Repositories/EmpleadosRepository.php
Línea: 98

URL: http://127.0.0.1:8080/empleados

Stack Trace:
#0 /var/www/html/app/Modules/Empleado/Repositories/EmpleadosRepository.php(98): PDOStatement->execute(Array)
#1 /var/www/html/app/Modules/Empleado/Services/EmpleadosService.php(20): App\Modules\Empleado\Repositories\EmpleadosRepository::create(Object(App\Modules\Empleado\Requests\EmpleadosCreateRequest))
#2 /var/www/html/app/Modules/Empleado/Controllers/EmpleadoController.php(47): App\Modules\Empleado\Services\EmpleadosService->create(Object(App\Modules\Empleado\Requests\EmpleadosCreateRequest), Object(App\Modules\Auth\Requests\AuthRequest))
#3 [internal function]: App\Modules\Empleado\Controllers\EmpleadoController->create(Object(App\Modules\Empleado\Requests\EmpleadosCreateRequest), Object(App\Modules\Auth\Requests\AuthRequest))
#4 /var/www/html/config/bootstrap.php(130): ReflectionMethod->invokeArgs(Object(App\Modules\Empleado\Controllers\EmpleadoController), Array)
#5 /var/www/html/config/bootstrap.php(171): Router->dispatch('/empleados', 'POST')
#6 /var/www/html/public/index.php(12): require('/var/www/html/c...')
#7 {main}

Input Data:
{"nombre":"juan perez","telefono":"3516756555","email":"juan@perez.com","id_sucursal":"2","usuario":"juan@perez.com","clave":"123456","rol":"2"}

User ID: 14
IP Address: 192.168.32.1
[2025-02-07 14:56:06] [ERROR] [INFO] Error: SQLSTATE[HY000]: General error: 1364 Field 'apellido' doesn't have a default value
Código: 0
Archivo: /var/www/html/app/Modules/Empleado/Repositories/EmpleadosRepository.php
Línea: 98

URL: http://127.0.0.1:8080/empleados

Stack Trace:
#0 /var/www/html/app/Modules/Empleado/Repositories/EmpleadosRepository.php(98): PDOStatement->execute(Array)
#1 /var/www/html/app/Modules/Empleado/Services/EmpleadosService.php(20): App\Modules\Empleado\Repositories\EmpleadosRepository::create(Object(App\Modules\Empleado\Requests\EmpleadosCreateRequest))
#2 /var/www/html/app/Modules/Empleado/Controllers/EmpleadoController.php(47): App\Modules\Empleado\Services\EmpleadosService->create(Object(App\Modules\Empleado\Requests\EmpleadosCreateRequest), Object(App\Modules\Auth\Requests\AuthRequest))
#3 [internal function]: App\Modules\Empleado\Controllers\EmpleadoController->create(Object(App\Modules\Empleado\Requests\EmpleadosCreateRequest), Object(App\Modules\Auth\Requests\AuthRequest))
#4 /var/www/html/config/bootstrap.php(130): ReflectionMethod->invokeArgs(Object(App\Modules\Empleado\Controllers\EmpleadoController), Array)
#5 /var/www/html/config/bootstrap.php(171): Router->dispatch('/empleados', 'POST')
#6 /var/www/html/public/index.php(12): require('/var/www/html/c...')
#7 {main}

Input Data:
{"nombre":"juan perez","telefono":"3516756555","email":"juan@perez.com","id_sucursal":"2","usuario":"juan2@perez2.com","clave":"123456","rol":"2"}

User ID: 14
IP Address: 192.168.32.1
[2025-02-07 19:31:57] [ERROR] [INFO] Error: SQLSTATE[42000]: Syntax error or access violation: 1064 You have an error in your SQL syntax; check the manual that corresponds to your MySQL server version for the right syntax to use near 'SUM(CASE WHEN rd.idFormaDePago = 1 THEN rd.monto ELSE 0 END) AS efectivo,
     ' at line 5
Código: 42000
Archivo: C:\wamp64\www\agarte-backend\app\Helpers\PaginatorHelper.php
Línea: 60

URL: http://agarte:8080/caja_detalle?page=1&perPage=10&fecha=2025-02-07&_=1738956538052

Stack Trace:
#0 C:\wamp64\www\agarte-backend\app\Helpers\PaginatorHelper.php(60): PDO->query('SELECT \r\n      ...')
#1 C:\wamp64\www\agarte-backend\app\Modules\Caja\Repositories\CajaDetalleRepository.php(39): App\Helpers\PaginatorHelper->getPaginatedResults()
#2 C:\wamp64\www\agarte-backend\app\Modules\Caja\Services\CajaDetalleService.php(14): App\Modules\Caja\Repositories\CajaDetalleRepository::find(NULL)
#3 C:\wamp64\www\agarte-backend\app\Modules\Caja\Controllers\CajaDetalleController.php(18): App\Modules\Caja\Services\CajaDetalleService->getAll(NULL)
#4 [internal function]: App\Modules\Caja\Controllers\CajaDetalleController->index(NULL)
#5 C:\wamp64\www\agarte-backend\config\bootstrap.php(130): ReflectionMethod->invokeArgs(Object(App\Modules\Caja\Controllers\CajaDetalleController), Array)
#6 C:\wamp64\www\agarte-backend\config\bootstrap.php(171): Router->dispatch('/caja_detalle', 'GET')
#7 C:\wamp64\www\agarte-backend\public\index.php(12): require('C:\\wamp64\\www\\a...')
#8 {main}

Input Data:


User ID: 14
IP Address: ::1
[2025-02-07 19:34:01] [ERROR] [INFO] Error: SQLSTATE[42S22]: Column not found: 1054 Unknown column 'recibo.fecha' in 'where clause'
Código: 42
Archivo: C:\wamp64\www\agarte-backend\app\Helpers\PaginatorHelper.php
Línea: 60

URL: http://agarte:8080/caja_detalle?page=1&perPage=10&fecha=2025-02-07&_=1738956538054

Stack Trace:
#0 C:\wamp64\www\agarte-backend\app\Helpers\PaginatorHelper.php(60): PDO->query('SELECT \r\n      ...')
#1 C:\wamp64\www\agarte-backend\app\Modules\Caja\Repositories\CajaDetalleRepository.php(39): App\Helpers\PaginatorHelper->getPaginatedResults()
#2 C:\wamp64\www\agarte-backend\app\Modules\Caja\Services\CajaDetalleService.php(14): App\Modules\Caja\Repositories\CajaDetalleRepository::find(NULL)
#3 C:\wamp64\www\agarte-backend\app\Modules\Caja\Controllers\CajaDetalleController.php(18): App\Modules\Caja\Services\CajaDetalleService->getAll(NULL)
#4 [internal function]: App\Modules\Caja\Controllers\CajaDetalleController->index(NULL)
#5 C:\wamp64\www\agarte-backend\config\bootstrap.php(130): ReflectionMethod->invokeArgs(Object(App\Modules\Caja\Controllers\CajaDetalleController), Array)
#6 C:\wamp64\www\agarte-backend\config\bootstrap.php(171): Router->dispatch('/caja_detalle', 'GET')
#7 C:\wamp64\www\agarte-backend\public\index.php(12): require('C:\\wamp64\\www\\a...')
#8 {main}

Input Data:


User ID: 14
IP Address: ::1
[2025-02-07 19:34:28] [ERROR] [INFO] Error: SQLSTATE[42S22]: Column not found: 1054 Unknown column 'recibos.fecha' in 'where clause'
Código: 42
Archivo: C:\wamp64\www\agarte-backend\app\Helpers\PaginatorHelper.php
Línea: 60

URL: http://agarte:8080/caja_detalle?page=1&perPage=10&fecha=2025-02-07&_=1738956538055

Stack Trace:
#0 C:\wamp64\www\agarte-backend\app\Helpers\PaginatorHelper.php(60): PDO->query('SELECT \r\n      ...')
#1 C:\wamp64\www\agarte-backend\app\Modules\Caja\Repositories\CajaDetalleRepository.php(39): App\Helpers\PaginatorHelper->getPaginatedResults()
#2 C:\wamp64\www\agarte-backend\app\Modules\Caja\Services\CajaDetalleService.php(14): App\Modules\Caja\Repositories\CajaDetalleRepository::find(NULL)
#3 C:\wamp64\www\agarte-backend\app\Modules\Caja\Controllers\CajaDetalleController.php(18): App\Modules\Caja\Services\CajaDetalleService->getAll(NULL)
#4 [internal function]: App\Modules\Caja\Controllers\CajaDetalleController->index(NULL)
#5 C:\wamp64\www\agarte-backend\config\bootstrap.php(130): ReflectionMethod->invokeArgs(Object(App\Modules\Caja\Controllers\CajaDetalleController), Array)
#6 C:\wamp64\www\agarte-backend\config\bootstrap.php(171): Router->dispatch('/caja_detalle', 'GET')
#7 C:\wamp64\www\agarte-backend\public\index.php(12): require('C:\\wamp64\\www\\a...')
#8 {main}

Input Data:


User ID: 14
IP Address: ::1
[2025-02-07 19:35:44] [ERROR] [INFO] Error: SQLSTATE[HY000]: General error: 1525 Incorrect DATE value: '%2025-02-07%'
Código: 0
Archivo: C:\wamp64\www\agarte-backend\app\Helpers\PaginatorHelper.php
Línea: 60

URL: http://agarte:8080/caja_detalle?page=1&perPage=10&fecha=2025-02-07&_=1738956943784

Stack Trace:
#0 C:\wamp64\www\agarte-backend\app\Helpers\PaginatorHelper.php(60): PDO->query('SELECT \r\n      ...')
#1 C:\wamp64\www\agarte-backend\app\Modules\Caja\Repositories\CajaDetalleRepository.php(39): App\Helpers\PaginatorHelper->getPaginatedResults()
#2 C:\wamp64\www\agarte-backend\app\Modules\Caja\Services\CajaDetalleService.php(14): App\Modules\Caja\Repositories\CajaDetalleRepository::find(NULL)
#3 C:\wamp64\www\agarte-backend\app\Modules\Caja\Controllers\CajaDetalleController.php(18): App\Modules\Caja\Services\CajaDetalleService->getAll(NULL)
#4 [internal function]: App\Modules\Caja\Controllers\CajaDetalleController->index(NULL)
#5 C:\wamp64\www\agarte-backend\config\bootstrap.php(130): ReflectionMethod->invokeArgs(Object(App\Modules\Caja\Controllers\CajaDetalleController), Array)
#6 C:\wamp64\www\agarte-backend\config\bootstrap.php(171): Router->dispatch('/caja_detalle', 'GET')
#7 C:\wamp64\www\agarte-backend\public\index.php(12): require('C:\\wamp64\\www\\a...')
#8 {main}

Input Data:


User ID: 14
IP Address: ::1
[2025-02-15 21:19:45] [ERROR] [INFO] Error: SQLSTATE[42S22]: Column not found: 1054 Unknown column 'recibos.idPresupuestoid_orden_de_trabajo' in 'on clause'
Código: 42
Archivo: C:\wamp64\www\agarte-backend\app\Helpers\PaginatorHelper.php
Línea: 60

URL: http://agarte:8080/caja_detalle?page=1&perPage=10&fecha=2025-02-15&_=1739654385154

Stack Trace:
#0 C:\wamp64\www\agarte-backend\app\Helpers\PaginatorHelper.php(60): PDO->query('SELECT \r\n      ...')
#1 C:\wamp64\www\agarte-backend\app\Modules\Caja\Repositories\CajaDetalleRepository.php(41): App\Helpers\PaginatorHelper->getPaginatedResults()
#2 C:\wamp64\www\agarte-backend\app\Modules\Caja\Services\CajaDetalleService.php(14): App\Modules\Caja\Repositories\CajaDetalleRepository::find(NULL)
#3 C:\wamp64\www\agarte-backend\app\Modules\Caja\Controllers\CajaDetalleController.php(18): App\Modules\Caja\Services\CajaDetalleService->getAll(NULL)
#4 [internal function]: App\Modules\Caja\Controllers\CajaDetalleController->index(NULL)
#5 C:\wamp64\www\agarte-backend\config\bootstrap.php(130): ReflectionMethod->invokeArgs(Object(App\Modules\Caja\Controllers\CajaDetalleController), Array)
#6 C:\wamp64\www\agarte-backend\config\bootstrap.php(171): Router->dispatch('/caja_detalle', 'GET')
#7 C:\wamp64\www\agarte-backend\public\index.php(12): require('C:\\wamp64\\www\\a...')
#8 {main}

Input Data:


User ID: 14
IP Address: ::1
[2025-02-15 21:20:06] [ERROR] [INFO] Error: SQLSTATE[42S22]: Column not found: 1054 Unknown column 'recibos.idPresupuestoid_orden_de_trabajo' in 'on clause'
Código: 42
Archivo: C:\wamp64\www\agarte-backend\app\Helpers\PaginatorHelper.php
Línea: 60

URL: http://agarte:8080/caja_detalle?page=1&perPage=10&fecha=2025-02-15&_=1739654406726

Stack Trace:
#0 C:\wamp64\www\agarte-backend\app\Helpers\PaginatorHelper.php(60): PDO->query('SELECT \r\n      ...')
#1 C:\wamp64\www\agarte-backend\app\Modules\Caja\Repositories\CajaDetalleRepository.php(41): App\Helpers\PaginatorHelper->getPaginatedResults()
#2 C:\wamp64\www\agarte-backend\app\Modules\Caja\Services\CajaDetalleService.php(14): App\Modules\Caja\Repositories\CajaDetalleRepository::find(NULL)
#3 C:\wamp64\www\agarte-backend\app\Modules\Caja\Controllers\CajaDetalleController.php(18): App\Modules\Caja\Services\CajaDetalleService->getAll(NULL)
#4 [internal function]: App\Modules\Caja\Controllers\CajaDetalleController->index(NULL)
#5 C:\wamp64\www\agarte-backend\config\bootstrap.php(130): ReflectionMethod->invokeArgs(Object(App\Modules\Caja\Controllers\CajaDetalleController), Array)
#6 C:\wamp64\www\agarte-backend\config\bootstrap.php(171): Router->dispatch('/caja_detalle', 'GET')
#7 C:\wamp64\www\agarte-backend\public\index.php(12): require('C:\\wamp64\\www\\a...')
#8 {main}

Input Data:


User ID: 14
IP Address: ::1
